<?xml version="1.0" encoding="UTF-8"?>
<!-- Generated by org.testng.reporters.JUnitReportReporter -->
<testsuite hostname="DESKTOP-FV0KD14" failures="0" tests="2" name="testCases.TestCases" time="25.586" errors="0" timestamp="2023-08-28T12:58:25 IST" skipped="0">
  <testcase classname="testCases.TestCases" name="testFilpkart" time="13.271"/>
  <system-out/>
  <testcase classname="testCases.TestCases" name="loginTest" time="12.315"/>
  <system-out/>
</testsuite> <!-- testCases.TestCases -->
