<?xml version="1.0" encoding="UTF-8"?>
<!-- Generated by org.testng.reporters.JUnitReportReporter -->
<testsuite hostname="DESKTOP-FV0KD14" failures="0" tests="2" name="testCases.TestCases" time="25.098" errors="0" timestamp="2023-08-28T13:14:10 IST" skipped="0">
  <testcase classname="testCases.TestCases" name="testFilpkart" time="11.024"/>
  <system-out/>
  <testcase classname="testCases.TestCases" name="loginTest" time="14.074"/>
  <system-out/>
</testsuite> <!-- testCases.TestCases -->
